5 -7 94.8037
-1 -7 93.9706
5 -1 97.2889
-1 -1 95.3968
11 -7 95.2979
11 -1 97.6984
5 -13 93.9848
-1 -13 50.3671
11 -13 94.7331
-3 -7 93.2787
-3 -1 94.7614
-3 -13 50.2542
5 1 97.7831
-1 1 97.2042
11 1 97.7972
-3 1 95.891
9 -7 95.1003
9 -1 97.7266
9 -13 94.5213
9 1 97.8678
5 -11 94.0836
-1 -11 92.3468
11 -11 94.832
-3 -11 50.353
9 -11 94.7472
3 -7 94.5072
3 -1 96.9641
3 -13 93.2929
3 1 97.7408
3 -11 93.9848
5 -5 95.1003
-1 -5 94.1542
11 -5 96.5546
-3 -5 94.013
9 -5 95.3685
3 -5 94.8037
15 -7 96.4417
15 -1 97.8114
15 -13 94.8037
15 1 97.1477
15 -11 94.8602
15 -5 97.1336
5 -15 93.2929
-1 -15 50.2542
11 -15 94.5072
-3 -15 50.2542
9 -15 94.0977
3 -15 92.3327
15 -15 94.7896
-5 -7 92.3327
-5 -1 94.3095
-5 -13 50.2542
-5 1 95.1426
-5 -11 50.2542
-5 -5 93.2646
-5 -15 50.2542
5 3 98.0373
-1 3 97.9667
11 3 97.5148
-3 3 97.5995
9 3 97.4725
3 3 98.1361
15 3 97.5148
-5 3 95.8628
7 -7 94.9591
7 -1 97.5007
7 -13 94.0836
7 1 97.8396
7 -11 94.5213
7 -5 95.2979
7 -15 93.9848
7 3 97.9243
5 -9 94.5354
-1 -9 93.2929
11 -9 94.8602
-3 -9 92.3609
9 -9 94.8884
3 -9 94.0836
15 -9 95.2697
-5 -9 50.353
7 -9 94.7755
1 -7 94.1118
1 -1 95.8345
1 -13 92.3468
1 1 97.5713
1 -11 93.2929
1 -5 94.5072
1 -15 50.3671
1 3 98.1644
1 -9 93.9848
5 -3 95.4956
-1 -3 94.6908
11 -3 97.4301
-3 -3 94.2107
9 -3 97.0489
3 -3 95.3685
15 -3 97.7266
-5 -3 94.0977
7 -3 96.8088
1 -3 95.0297
13 -7 95.425
13 -1 97.7266
13 -13 94.7896
13 1 97.5854
13 -11 94.832
13 -5 96.8794
13 -15 94.7331
13 3 97.5148
13 -9 95.072
13 -3 97.5289
