5 -7 94.5637
-1 -7 94.3095
5 -1 95.9757
-1 -1 94.8602
11 -7 94.832
11 -1 96.6535
5 -13 94.2954
-1 -13 50.2542
11 -13 94.5496
-3 -7 93.5611
-3 -1 94.5637
-3 -13 50.2542
5 1 96.9077
-1 1 95.8063
11 1 96.6111
-3 1 95.5239
9 -7 94.7331
9 -1 96.6958
9 -13 94.6202
9 1 96.8794
5 -11 94.4084
-1 -11 92.3044
11 -11 94.6202
-3 -11 50.2542
9 -11 94.5496
3 -7 94.6625
3 -1 95.6933
3 -13 93.6035
3 1 96.7947
3 -11 94.2813
5 -5 94.719
-1 -5 94.5213
11 -5 95.3827
-3 -5 94.2954
9 -5 95.185
3 -5 94.5778
15 -7 95.2838
15 -1 96.7665
15 -13 94.6908
15 1 96.2016
15 -11 94.6625
15 -5 95.6368
5 -15 93.6035
-1 -15 50.2542
11 -15 94.606
-3 -15 50.2542
9 -15 94.4225
3 -15 92.2903
15 -15 94.6484
-5 -7 92.3186
-5 -1 94.366
-5 -13 50.2542
-5 1 94.9449
-5 -11 50.2542
-5 -5 93.5611
-5 -15 50.2542
5 3 96.8088
-1 3 97.0347
11 3 96.1734
-3 3 96.3005
9 3 96.3428
3 3 97.0347
15 3 96.1734
-5 3 95.6651
7 -7 94.6484
7 -1 96.4699
7 -13 94.4225
7 1 96.7241
7 -11 94.6343
7 -5 94.8461
7 -15 94.2954
7 3 96.6252
5 -9 94.6343
-1 -9 93.5894
11 -9 94.6766
-3 -9 92.3186
9 -9 94.6343
3 -9 94.3801
15 -9 94.8461
-5 -9 50.2542
7 -9 94.5354
1 -7 94.4225
1 -1 95.425
1 -13 92.2903
1 1 96.3993
1 -11 93.6035
1 -5 94.606
1 -15 50.2542
1 3 97.1053
1 -9 94.2954
5 -3 95.2556
-1 -3 94.5496
11 -3 96.004
-3 -3 94.4225
9 -3 95.7357
3 -3 94.9167
15 -3 96.5688
-5 -3 94.2672
7 -3 95.4674
1 -3 94.606
13 -7 95.1285
13 -1 96.7382
13 -13 94.6343
13 1 96.5829
13 -11 94.6484
13 -5 95.5239
13 -15 94.5496
13 3 96.1734
13 -9 94.7472
13 -3 96.2864
