5 -7 94.7755
-1 -7 93.8153
5 -1 97.1195
-1 -1 95.5239
11 -7 95.6368
11 -1 97.4725
5 -13 93.7588
-1 -13 50.3389
11 -13 94.7614
-3 -7 93.4482
-3 -1 95.0155
-3 -13 50.2542
5 1 97.769
-1 1 96.71
11 1 97.7831
-3 1 95.8628
9 -7 95.2697
9 -1 97.3454
9 -13 94.6908
9 1 97.8114
5 -11 94.4225
-1 -11 93.0104
11 -11 94.7049
-3 -11 50.3248
9 -11 94.7755
3 -7 94.6766
3 -1 96.3852
3 -13 93.4341
3 1 97.5289
3 -11 93.7588
5 -5 95.2697
-1 -5 94.3942
11 -5 95.8769
-3 -5 93.9
9 -5 95.8345
3 -5 94.8884
15 -7 95.6792
15 -1 97.6419
15 -13 94.7331
15 1 97.4583
15 -11 94.9167
15 -5 96.484
5 -15 93.4341
-1 -15 50.2542
11 -15 94.6908
-3 -15 50.2542
9 -15 94.4225
3 -15 93.0104
15 -15 94.6908
-5 -7 93.0246
-5 -1 94.6766
-5 -13 50.2542
-5 1 95.3827
-5 -11 50.2542
-5 -5 93.4482
-5 -15 50.2542
5 3 98.1502
-1 3 97.7831
11 3 97.7972
-3 3 97.5713
9 3 97.7831
3 3 98.2208
15 3 97.7972
-5 3 96.0887
7 -7 94.9167
7 -1 97.2324
7 -13 94.4225
7 1 97.8255
7 -11 94.6908
7 -5 95.6509
7 -15 93.7588
7 3 97.9243
5 -9 94.6908
-1 -9 93.4482
11 -9 94.9026
-3 -9 93.0387
9 -9 94.7896
3 -9 94.4366
15 -9 95.6651
-5 -9 50.3248
7 -9 94.7614
1 -7 94.4084
1 -1 95.9051
1 -13 93.0104
1 1 97.3171
1 -11 93.4341
1 -5 94.6908
1 -15 50.3389
1 3 98.0938
1 -9 93.7729
5 -3 95.8628
-1 -3 94.7472
11 -3 97.0771
-3 -3 94.5213
9 -3 96.4699
3 -3 95.6227
15 -3 97.303
-5 -3 94.0271
7 -3 96.0746
1 -3 95.1991
13 -7 95.8345
13 -1 97.5854
13 -13 94.6484
13 1 97.7972
13 -11 94.7614
13 -5 95.9616
13 -15 94.7614
13 3 97.7972
13 -9 95.2273
13 -3 97.1195
