5 -7 94.366
-1 -7 93.7447
5 -1 94.5637
-1 -1 94.4507
11 -7 94.3801
11 -1 95.0438
5 -13 93.7306
-1 -13 50.2542
11 -13 94.3236
-3 -7 92.6716
-3 -1 94.3942
-3 -13 50.2542
5 1 95.1709
-1 1 94.606
11 1 95.4391
-3 1 94.3801
9 -7 94.3801
9 -1 94.9167
9 -13 94.2954
9 1 95.4391
5 -11 94.3236
-1 -11 91.1889
11 -11 94.3519
-3 -11 50.2542
9 -11 94.3236
3 -7 94.3801
3 -1 94.5637
3 -13 92.6716
3 1 94.9873
3 -11 93.7306
5 -5 94.4225
-1 -5 94.3519
11 -5 94.4084
-3 -5 93.7023
9 -5 94.4084
3 -5 94.3378
15 -7 94.4084
15 -1 95.2415
15 -13 94.3378
15 1 95.1991
15 -11 94.366
15 -5 94.366
5 -15 92.6716
-1 -15 50.2542
11 -15 94.3095
-3 -15 50.2542
9 -15 94.3236
3 -15 91.1889
15 -15 94.2813
-5 -7 91.1889
-5 -1 94.2248
-5 -13 50.2542
-5 1 94.2389
-5 -11 50.2542
-5 -5 92.6716
-5 -15 50.2542
5 3 95.5097
-1 3 95.3121
11 3 95.1709
-3 3 94.9167
9 3 94.9449
3 3 95.6509
15 3 94.5778
-5 3 94.1824
7 -7 94.2954
7 -1 94.7331
7 -13 94.3236
7 1 95.2556
7 -11 94.3095
7 -5 94.3519
7 -15 93.7306
7 3 95.2132
5 -9 94.2954
-1 -9 92.6716
11 -9 94.3236
-3 -9 91.203
9 -9 94.3378
3 -9 94.3378
15 -9 94.366
-5 -9 50.2542
7 -9 94.3236
1 -7 94.366
1 -1 94.5072
1 -13 91.1889
1 1 94.8884
1 -11 92.6716
1 -5 94.3942
1 -15 50.2542
1 3 95.6368
1 -9 93.7165
5 -3 94.479
-1 -3 94.366
11 -3 94.5496
-3 -3 94.4366
9 -3 94.4225
3 -3 94.3942
15 -3 94.8743
-5 -3 93.5188
7 -3 94.4507
1 -3 94.3801
13 -7 94.3942
13 -1 95.1709
13 -13 94.2954
13 1 95.2273
13 -11 94.3236
13 -5 94.4366
13 -15 94.3236
13 3 94.8884
13 -9 94.3801
13 -3 94.5778
