5 -7 94.1824
-1 -7 93.6741
5 -1 94.5213
-1 -1 94.2248
11 -7 94.3095
11 -1 94.7896
5 -13 93.6459
-1 -13 50.2542
11 -13 94.126
-3 -7 92.6716
-3 -1 94.2248
-3 -13 50.2542
5 1 95.0861
-1 1 94.479
11 1 95.3262
-3 1 94.2248
9 -7 94.253
9 -1 94.6908
9 -13 94.1683
9 1 95.2132
5 -11 94.2813
-1 -11 91.1889
11 -11 94.1966
-3 -11 50.2542
9 -11 94.126
3 -7 94.2813
3 -1 94.479
3 -13 92.6716
3 1 94.7614
3 -11 93.66
5 -5 94.2389
-1 -5 94.3236
11 -5 94.4225
-3 -5 93.6035
9 -5 94.3378
3 -5 94.1683
15 -7 94.3801
15 -1 95.0861
15 -13 94.1966
15 1 95.0438
15 -11 94.2813
15 -5 94.4084
5 -15 92.6716
-1 -15 50.2542
11 -15 94.1683
-3 -15 50.2542
9 -15 94.3095
3 -15 91.1889
15 -15 94.1542
-5 -7 91.203
-5 -1 94.253
-5 -13 50.2542
-5 1 94.1824
-5 -11 50.2542
-5 -5 92.6433
-5 -15 50.2542
5 3 95.4391
-1 3 95.185
11 3 94.8884
-3 3 94.4931
9 3 95.0014
3 3 95.538
15 3 94.5919
-5 3 94.1542
7 -7 94.2107
7 -1 94.606
7 -13 94.2813
7 1 95.2415
7 -11 94.1683
7 -5 94.2954
7 -15 93.66
7 3 95.3685
5 -9 94.1683
-1 -9 92.6574
11 -9 94.2389
-3 -9 91.1889
9 -9 94.2672
3 -9 94.2813
15 -9 94.2954
-5 -9 50.2542
7 -9 94.1542
1 -7 94.2954
1 -1 94.3801
1 -13 91.1889
1 1 94.4648
1 -11 92.6574
1 -5 94.3095
1 -15 50.2542
1 3 95.4956
1 -9 93.66
5 -3 94.2672
-1 -3 94.2672
11 -3 94.5072
-3 -3 94.4084
9 -3 94.4225
3 -3 94.2813
15 -3 94.606
-5 -3 93.4623
7 -3 94.3942
1 -3 94.2389
13 -7 94.2954
13 -1 94.9873
13 -13 94.1542
13 1 95.3121
13 -11 94.253
13 -5 94.366
13 -15 94.126
13 3 94.7331
13 -9 94.253
13 -3 94.4931
