5 -7 97.216
-1 -7 97.5501
5 -1 96.2138
-1 -1 97.6615
11 -7 97.216
11 -1 95.2116
5 -13 97.4388
-1 -13 87.3051
11 -13 97.216
-3 -7 88.3073
-3 -1 97.216
-3 -13 87.3051
5 1 95.9911
-1 1 96.5479
11 1 95.7684
-3 1 95.8797
9 -7 97.1047
9 -1 95.5457
9 -13 97.216
9 1 95.7684
5 -11 97.216
-1 -11 87.3051
11 -11 97.5501
-3 -11 87.3051
9 -11 97.216
3 -7 97.216
3 -1 97.4388
3 -13 89.3096
3 1 95.9911
3 -11 97.4388
5 -5 97.3274
-1 -5 97.216
11 -5 97.216
-3 -5 97.4388
9 -5 96.7706
3 -5 97.3274
15 -7 97.1047
15 -1 95.2116
15 -13 97.216
15 1 95.7684
15 -11 96.882
15 -5 95.5457
5 -15 89.3096
-1 -15 87.3051
11 -15 97.216
-3 -15 87.3051
9 -15 97.216
3 -15 87.3051
15 -15 97.5501
-5 -7 88.3073
-5 -1 96.6592
-5 -13 87.3051
-5 1 95.5457
-5 -11 87.3051
-5 -5 90.8686
-5 -15 87.3051
5 3 95.4343
-1 3 95.4343
11 3 95.4343
-3 3 91.9822
9 3 95.4343
3 3 95.5457
15 3 95.4343
-5 3 88.3073
7 -7 97.5501
7 -1 95.657
7 -13 97.216
7 1 95.4343
7 -11 97.216
7 -5 97.1047
7 -15 97.4388
7 3 95.4343
5 -9 97.216
-1 -9 88.8641
11 -9 97.216
-3 -9 87.6392
9 -9 97.5501
3 -9 97.216
15 -9 96.882
-5 -9 87.6392
7 -9 97.216
1 -7 97.3274
1 -1 97.216
1 -13 87.3051
1 1 96.7706
1 -11 89.0869
1 -5 97.216
1 -15 87.3051
1 3 95.7684
1 -9 97.4388
5 -3 96.9933
-1 -3 97.3274
11 -3 95.5457
-3 -3 96.9933
9 -3 96.2138
3 -3 96.9933
15 -3 95.1002
-5 -3 97.6615
7 -3 96.7706
1 -3 97.4388
13 -7 96.882
13 -1 95.2116
13 -13 97.5501
13 1 95.7684
13 -11 97.216
13 -5 96.3252
13 -15 97.1047
13 3 95.4343
13 -9 96.882
13 -3 95.3229
