5 -7 93.3635
-1 -7 92.5727
5 -1 93.5329
-1 -1 93.4764
11 -7 93.3917
11 -1 93.5611
5 -13 92.5727
-1 -13 50.2542
11 -13 93.3352
-3 -7 91.9938
-3 -1 93.2646
-3 -13 50.2542
5 1 93.7165
-1 1 93.5047
11 1 93.9848
-3 1 93.4764
9 -7 93.4199
9 -1 93.5188
9 -13 93.3352
9 1 93.5611
5 -11 93.2929
-1 -11 90.8924
11 -11 93.3493
-3 -11 50.2542
9 -11 93.3352
3 -7 93.3493
3 -1 93.5188
3 -13 91.9655
3 1 93.6176
3 -11 92.5868
5 -5 93.4058
-1 -5 93.2505
11 -5 93.4623
-3 -5 92.5727
9 -5 93.4199
3 -5 93.3917
15 -7 93.4199
15 -1 93.6882
15 -13 93.3211
15 1 94.5072
15 -11 93.4199
15 -5 93.4341
5 -15 91.9655
-1 -15 50.2542
11 -15 93.3352
-3 -15 50.2542
9 -15 93.2929
3 -15 90.8924
15 -15 93.3211
-5 -7 90.8924
-5 -1 92.9822
-5 -13 50.2542
-5 1 93.2646
-5 -11 50.2542
-5 -5 91.9514
-5 -15 50.2542
5 3 94.4507
-1 3 93.6741
11 3 94.479
-3 3 93.5188
9 3 94.2954
3 3 94.3095
15 3 94.2672
-5 3 93.4482
7 -7 93.3917
7 -1 93.5188
7 -13 93.2929
7 1 93.6035
7 -11 93.3493
7 -5 93.3917
7 -15 92.5868
7 3 94.2107
5 -9 93.3635
-1 -9 91.9797
11 -9 93.4341
-3 -9 90.8924
9 -9 93.3776
3 -9 93.2787
15 -9 93.4058
-5 -9 50.2542
7 -9 93.3352
1 -7 93.2646
1 -1 93.4482
1 -13 90.8924
1 1 93.547
1 -11 91.9655
1 -5 93.3493
1 -15 50.2542
1 3 93.9848
1 -9 92.5868
5 -3 93.4482
-1 -3 93.3211
11 -3 93.5047
-3 -3 93.2081
9 -3 93.4905
3 -3 93.4199
15 -3 93.4623
-5 -3 92.4456
7 -3 93.4058
1 -3 93.4199
13 -7 93.4199
13 -1 93.5753
13 -13 93.2787
13 1 94.4084
13 -11 93.3776
13 -5 93.3917
13 -15 93.3211
13 3 94.253
13 -9 93.4058
13 -3 93.5611
