5 -7 93.2929
-1 -7 92.7704
5 -1 94.126
-1 -1 93.4905
11 -7 93.6741
11 -1 94.8743
5 -13 92.7422
-1 -13 50.2542
11 -13 93.3211
-3 -7 92.0644
-3 -1 93.1375
-3 -13 50.2542
5 1 94.8178
-1 1 93.8718
11 1 94.6766
-3 1 93.4764
9 -7 93.3776
9 -1 94.7755
9 -13 93.3352
9 1 95.0861
5 -11 93.1799
-1 -11 91.9514
11 -11 93.2787
-3 -11 50.2542
9 -11 93.2787
3 -7 93.3352
3 -1 93.9
3 -13 92.1067
3 1 94.4931
3 -11 92.7422
5 -5 93.4341
-1 -5 93.194
11 -5 93.6176
-3 -5 92.7422
9 -5 93.7023
3 -5 93.2929
15 -7 93.6317
15 -1 95.0014
15 -13 93.2929
15 1 94.4084
15 -11 93.2787
15 -5 94.013
5 -15 92.1067
-1 -15 50.2542
11 -15 93.3493
-3 -15 50.2542
9 -15 93.1799
3 -15 91.9655
15 -15 93.3211
-5 -7 91.9938
-5 -1 92.9681
-5 -13 50.2542
-5 1 93.3352
-5 -11 50.2542
-5 -5 92.0644
-5 -15 50.2542
5 3 95.3544
-1 3 95.0014
11 3 93.8012
-3 3 93.7023
9 3 94.1118
3 3 95.3968
15 3 93.2646
-5 3 93.1517
7 -7 93.2646
7 -1 94.2107
7 -13 93.1799
7 1 95.0297
7 -11 93.3493
7 -5 93.6882
7 -15 92.7422
7 3 94.7331
5 -9 93.3211
-1 -9 92.1067
11 -9 93.2787
-3 -9 92.0079
9 -9 93.307
3 -9 93.1375
15 -9 93.6176
-5 -9 50.2542
7 -9 93.2787
1 -7 93.1517
1 -1 93.7023
1 -13 91.9655
1 1 94.0554
1 -11 92.1067
1 -5 93.2646
1 -15 50.2542
1 3 95.3827
1 -9 92.7422
5 -3 93.7165
-1 -3 93.0669
11 -3 94.1824
-3 -3 93.1234
9 -3 93.9706
3 -3 93.6882
15 -3 94.479
-5 -3 92.5304
7 -3 93.7588
1 -3 93.3917
13 -7 93.7306
13 -1 94.7896
13 -13 93.3211
13 1 94.6766
13 -11 93.3211
13 -5 93.8153
13 -15 93.2929
13 3 93.3352
13 -9 93.3776
13 -3 94.1401
