5 -7 93.2929
-1 -7 92.8551
5 -1 94.0412
-1 -1 93.4905
11 -7 93.4764
11 -1 94.3801
5 -13 92.8834
-1 -13 50.2542
11 -13 93.4199
-3 -7 92.0361
-3 -1 93.194
-3 -13 50.2542
5 1 94.7755
-1 1 93.7871
11 1 94.8461
-3 1 93.6035
9 -7 93.3776
9 -1 94.1118
9 -13 93.3211
9 1 94.8743
5 -11 93.194
-1 -11 91.7679
11 -11 93.2081
-3 -11 50.2542
9 -11 93.3917
3 -7 93.307
3 -1 93.8859
3 -13 92.0361
3 1 94.0695
3 -11 92.8834
5 -5 93.4058
-1 -5 93.1234
11 -5 93.6035
-3 -5 92.841
9 -5 93.6035
3 -5 93.2646
15 -7 93.5894
15 -1 94.9732
15 -13 93.2364
15 1 94.5213
15 -11 93.307
15 -5 93.8577
5 -15 92.0361
-1 -15 50.2542
11 -15 93.3352
-3 -15 50.2542
9 -15 93.194
3 -15 91.7679
15 -15 93.2364
-5 -7 91.8385
-5 -1 92.9116
-5 -13 50.2542
-5 1 93.2223
-5 -11 50.2542
-5 -5 92.0361
-5 -15 50.2542
5 3 94.9591
-1 3 94.6766
11 3 93.7165
-3 3 93.8294
9 3 94.2672
3 3 95.1426
15 3 93.307
-5 3 93.6176
7 -7 93.307
7 -1 94.1118
7 -13 93.194
7 1 94.9591
7 -11 93.3211
7 -5 93.4905
7 -15 92.8834
7 3 94.832
5 -9 93.3352
-1 -9 92.0361
11 -9 93.3211
-3 -9 91.782
9 -9 93.194
3 -9 93.1799
15 -9 93.4764
-5 -9 50.2542
7 -9 93.3635
1 -7 93.1517
1 -1 93.6317
1 -13 91.7679
1 1 94.0271
1 -11 92.0361
1 -5 93.3776
1 -15 50.2542
1 3 95.1567
1 -9 92.8551
5 -3 93.6176
-1 -3 93.194
11 -3 94.0836
-3 -3 93.1234
9 -3 93.8718
3 -3 93.5047
15 -3 94.253
-5 -3 92.6857
7 -3 93.7306
1 -3 93.4058
13 -7 93.5611
13 -1 95.0014
13 -13 93.2223
13 1 94.6908
13 -11 93.2081
13 -5 93.7447
13 -15 93.4199
13 3 93.6176
13 -9 93.3917
13 -3 94.0554
