5 -7 94.9167
-1 -7 93.9706
5 -1 97.6984
-1 -1 95.6086
11 -7 95.7498
11 -1 97.7831
5 -13 93.9848
-1 -13 50.3671
11 -13 94.8602
-3 -7 93.7447
-3 -1 95.2415
-3 -13 50.2542
5 1 98.0514
-1 1 97.3454
11 1 97.5431
-3 1 96.3146
9 -7 95.3121
9 -1 97.9808
9 -13 94.832
9 1 97.5289
5 -11 94.5496
-1 -11 93.4623
11 -11 94.8602
-3 -11 50.3671
9 -11 94.8884
3 -7 94.8602
3 -1 97.2748
3 -13 93.7871
3 1 97.9949
3 -11 93.9706
5 -5 95.3121
-1 -5 94.606
11 -5 96.8229
-3 -5 93.9565
9 -5 96.484
3 -5 94.9591
15 -7 96.8653
15 -1 97.3736
15 -13 94.8743
15 1 97.5431
15 -11 94.9449
15 -5 97.3595
5 -15 93.7729
-1 -15 50.2542
11 -15 94.832
-3 -15 50.2542
9 -15 94.5496
3 -15 93.4623
15 -15 94.8602
-5 -7 93.4764
-5 -1 94.7331
-5 -13 50.2542
-5 1 95.1709
-5 -11 50.2542
-5 -5 93.7871
-5 -15 50.2542
5 3 97.9667
-1 3 98.0938
11 3 97.9526
-3 3 97.3171
9 3 97.9526
3 3 97.8961
15 3 97.9526
-5 3 95.3544
7 -7 94.9449
7 -1 97.9384
7 -13 94.5496
7 1 97.7125
7 -11 94.832
7 -5 95.7498
7 -15 93.9706
7 3 97.9526
5 -9 94.832
-1 -9 93.7588
11 -9 94.9591
-3 -9 93.4623
9 -9 94.832
3 -9 94.5496
15 -9 95.7074
-5 -9 50.3248
7 -9 94.9026
1 -7 94.5919
1 -1 96.7665
1 -13 93.4623
1 1 97.769
1 -11 93.7871
1 -5 94.8602
1 -15 50.3812
1 3 98.1785
1 -9 93.9848
5 -3 96.597
-1 -3 95.0014
11 -3 97.5854
-3 -3 94.6908
9 -3 97.3171
3 -3 95.6227
15 -3 97.8114
-5 -3 93.8294
7 -3 97.063
1 -3 95.2979
13 -7 96.4699
13 -1 97.5148
13 -13 94.8461
13 1 97.5431
13 -11 94.8743
13 -5 97.2042
13 -15 94.8602
13 3 97.9526
13 -9 95.2838
13 -3 97.8114
