5 -7 94.8884
-1 -7 93.9565
5 -1 97.7408
-1 -1 95.5521
11 -7 95.7074
11 -1 97.7549
5 -13 93.9565
-1 -13 50.4095
11 -13 94.8743
-3 -7 93.6882
-3 -1 95.2273
-3 -13 50.2542
5 1 97.9808
-1 1 97.2183
11 1 97.5572
-3 1 95.9616
9 -7 95.3544
9 -1 97.882
9 -13 94.9167
9 1 97.6843
5 -11 94.5496
-1 -11 93.5047
11 -11 94.8461
-3 -11 50.3812
9 -11 94.8884
3 -7 94.9026
3 -1 97.4019
3 -13 93.7447
3 1 97.9949
3 -11 93.9706
5 -5 95.3544
-1 -5 94.606
11 -5 96.8088
-3 -5 93.9424
9 -5 96.2016
3 -5 94.9591
15 -7 96.6535
15 -1 97.3736
15 -13 94.832
15 1 97.5431
15 -11 94.9873
15 -5 97.4019
5 -15 93.7306
-1 -15 50.2542
11 -15 94.9167
-3 -15 50.2542
9 -15 94.5496
3 -15 93.5047
15 -15 94.8884
-5 -7 93.5047
-5 -1 94.719
-5 -13 50.2542
-5 1 95.3121
-5 -11 50.2542
-5 -5 93.7447
-5 -15 50.2542
5 3 98.1079
-1 3 98.0514
11 3 98.0796
-3 3 97.303
9 3 98.0796
3 3 98.0655
15 3 98.0796
-5 3 95.1285
7 -7 94.8884
7 -1 97.9102
7 -13 94.5496
7 1 97.6701
7 -11 94.9167
7 -5 95.778
7 -15 93.9565
7 3 98.0796
5 -9 94.9167
-1 -9 93.7306
11 -9 94.9591
-3 -9 93.4905
9 -9 94.8743
3 -9 94.5496
15 -9 95.6792
-5 -9 50.3671
7 -9 94.9026
1 -7 94.6202
1 -1 96.4558
1 -13 93.5047
1 1 97.7831
1 -11 93.7306
1 -5 94.9026
1 -15 50.4095
1 3 98.1502
1 -9 93.9565
5 -3 96.244
-1 -3 95.0155
11 -3 97.6984
-3 -3 94.7049
9 -3 97.3877
3 -3 95.6933
15 -3 97.7408
-5 -3 93.8435
7 -3 96.8794
1 -3 95.2697
13 -7 96.0604
13 -1 97.5431
13 -13 94.8884
13 1 97.5431
13 -11 94.832
13 -5 96.9924
13 -15 94.8743
13 3 98.0796
13 -9 95.3544
13 -3 97.769
