5 -7 94.9873
-1 -7 93.8435
5 -1 97.5007
-1 -1 95.6086
11 -7 95.6651
11 -1 97.5995
5 -13 93.7871
-1 -13 50.3671
11 -13 94.9308
-3 -7 93.5188
-3 -1 95.2273
-3 -13 50.2542
5 1 97.8678
-1 1 97.2324
11 1 97.769
-3 1 95.9475
9 -7 95.2979
9 -1 97.6984
9 -13 94.7049
9 1 97.7831
5 -11 94.4507
-1 -11 93.194
11 -11 94.9308
-3 -11 50.353
9 -11 94.9308
3 -7 94.7049
3 -1 96.9359
3 -13 93.5188
3 1 97.8678
3 -11 93.7871
5 -5 95.2273
-1 -5 94.4931
11 -5 96.244
-3 -5 93.9141
9 -5 95.9616
3 -5 94.9873
15 -7 95.9475
15 -1 97.8114
15 -13 94.9026
15 1 97.416
15 -11 94.9873
15 -5 96.9783
5 -15 93.5188
-1 -15 50.2542
11 -15 94.6908
-3 -15 50.2542
9 -15 94.479
3 -15 93.194
15 -15 94.9026
-5 -7 93.2081
-5 -1 94.7614
-5 -13 50.2542
-5 1 95.4956
-5 -11 50.2542
-5 -5 93.5047
-5 -15 50.2542
5 3 98.1644
-1 3 97.9949
11 3 97.9243
-3 3 97.6701
9 3 97.9243
3 3 98.2914
15 3 97.9243
-5 3 96.0322
7 -7 94.9873
7 -1 97.7972
7 -13 94.479
7 1 97.7266
7 -11 94.7049
7 -5 95.6792
7 -15 93.7871
7 3 97.9102
5 -9 94.6908
-1 -9 93.5047
11 -9 95.0014
-3 -9 93.194
9 -9 95.0014
3 -9 94.4507
15 -9 95.6509
-5 -9 50.3389
7 -9 94.9308
1 -7 94.4648
1 -1 95.9757
1 -13 93.194
1 1 97.6843
1 -11 93.5188
1 -5 94.832
1 -15 50.3671
1 3 98.3056
1 -9 93.8435
5 -3 95.8345
-1 -3 94.9873
11 -3 97.4442
-3 -3 94.5778
9 -3 97.0771
3 -3 95.6651
15 -3 97.6984
-5 -3 94.0836
7 -3 96.484
1 -3 95.185
13 -7 95.8204
13 -1 97.6701
13 -13 94.9167
13 1 97.5007
13 -11 94.9732
13 -5 96.7241
13 -15 94.9308
13 3 97.9243
13 -9 95.2415
13 -3 97.6843
