5 -7 94.9732
-1 -7 94.013
5 -1 97.8114
-1 -1 95.8063
11 -7 96.1875
11 -1 97.4301
5 -13 94.013
-1 -13 50.3954
11 -13 94.8602
-3 -7 93.7588
-3 -1 95.3262
-3 -13 50.2542
5 1 97.7549
-1 1 97.5713
11 1 97.5007
-3 1 96.8088
9 -7 95.4109
9 -1 97.8396
9 -13 94.8461
9 1 97.4866
5 -11 94.4931
-1 -11 93.547
11 -11 94.9449
-3 -11 50.3812
9 -11 94.8884
3 -7 94.9026
3 -1 97.5572
3 -13 93.7588
3 1 98.0796
3 -11 94.013
5 -5 95.4109
-1 -5 94.6202
11 -5 96.9924
-3 -5 93.9565
9 -5 96.7523
3 -5 95.1426
15 -7 96.9218
15 -1 97.1759
15 -13 94.8743
15 1 97.5007
15 -11 95.0861
15 -5 97.5572
5 -15 93.7447
-1 -15 50.2542
11 -15 94.8461
-3 -15 50.2542
9 -15 94.5072
3 -15 93.547
15 -15 94.9167
-5 -7 93.4623
-5 -1 94.8037
-5 -13 50.2542
-5 1 95.4109
-5 -11 50.2542
-5 -5 93.7165
-5 -15 50.2542
5 3 97.8537
-1 3 97.8114
11 3 97.8537
-3 3 96.1169
9 3 97.8537
3 3 97.8255
15 3 97.8537
-5 3 91.8243
7 -7 95.0297
7 -1 97.8678
7 -13 94.5072
7 1 97.6137
7 -11 94.8461
7 -5 96.1028
7 -15 94.013
7 3 97.8537
5 -9 94.8743
-1 -9 93.7306
11 -9 95.1144
-3 -9 93.547
9 -9 94.9449
3 -9 94.5213
15 -9 96.1169
-5 -9 50.3812
7 -9 94.9308
1 -7 94.5637
1 -1 97.0771
1 -13 93.547
1 1 97.882
1 -11 93.7588
1 -5 94.8743
1 -15 50.3954
1 3 97.9526
1 -9 94.013
5 -3 96.8371
-1 -3 95.0297
11 -3 97.6701
-3 -3 94.6766
9 -3 97.4725
3 -3 96.0322
15 -3 97.5995
-5 -3 93.9565
7 -3 97.2324
1 -3 95.4391
13 -7 96.6535
13 -1 97.3313
13 -13 94.9449
13 1 97.5007
13 -11 94.8743
13 -5 97.3736
13 -15 94.8602
13 3 97.8537
13 -9 95.3544
13 -3 97.8255
