5 -7 95.0014
-1 -7 93.8859
5 -1 97.4442
-1 -1 95.6086
11 -7 95.5945
11 -1 97.8396
5 -13 93.8577
-1 -13 50.353
11 -13 94.9026
-3 -7 93.5329
-3 -1 95.2556
-3 -13 50.2542
5 1 98.009
-1 1 97.3454
11 1 97.7266
-3 1 96.1169
9 -7 95.1991
9 -1 97.6843
9 -13 94.7614
9 1 97.882
5 -11 94.479
-1 -11 93.1517
11 -11 94.9732
-3 -11 50.3389
9 -11 94.9308
3 -7 94.7614
3 -1 97.0206
3 -13 93.5329
3 1 97.9949
3 -11 93.8718
5 -5 95.2415
-1 -5 94.4507
11 -5 96.4982
-3 -5 93.9424
9 -5 95.8628
3 -5 95.0297
15 -7 96.3993
15 -1 97.7408
15 -13 94.9308
15 1 97.5572
15 -11 95.0297
15 -5 97.0489
5 -15 93.5329
-1 -15 50.2542
11 -15 94.7614
-3 -15 50.2542
9 -15 94.479
3 -15 93.1658
15 -15 94.9449
-5 -7 93.1799
-5 -1 94.7049
-5 -13 50.2542
-5 1 95.4956
-5 -11 50.2542
-5 -5 93.5188
-5 -15 50.2542
5 3 98.1079
-1 3 98.0796
11 3 98.0655
-3 3 97.7266
9 3 98.0655
3 3 98.1502
15 3 98.0655
-5 3 96.3711
7 -7 95.0438
7 -1 97.7266
7 -13 94.479
7 1 97.9949
7 -11 94.7614
7 -5 95.6227
7 -15 93.8577
7 3 98.0373
5 -9 94.7472
-1 -9 93.5329
11 -9 95.0438
-3 -9 93.1658
9 -9 95.0155
3 -9 94.4507
15 -9 95.6227
-5 -9 50.3389
7 -9 94.9308
1 -7 94.4648
1 -1 96.2158
1 -13 93.1658
1 1 97.7831
1 -11 93.5329
1 -5 94.8602
1 -15 50.353
1 3 98.2914
1 -9 93.8718
5 -3 96.0181
-1 -3 94.9873
11 -3 97.3313
-3 -3 94.5354
9 -3 97.0912
3 -3 95.7074
15 -3 97.656
-5 -3 94.0836
7 -3 96.7665
1 -3 95.2697
13 -7 95.9192
13 -1 97.5995
13 -13 94.9449
13 1 97.4866
13 -11 94.9732
13 -5 96.8512
13 -15 94.9026
13 3 98.0655
13 -9 95.2556
13 -3 97.6843
