5 -7 94.8884
-1 -7 93.7871
5 -1 97.656
-1 -1 95.9616
11 -7 95.8063
11 -1 97.1901
5 -13 93.7729
-1 -13 50.3812
11 -13 94.7755
-3 -7 93.5611
-3 -1 95.2697
-3 -13 50.2542
5 1 97.769
-1 1 97.3171
11 1 97.1901
-3 1 96.357
9 -7 95.3685
9 -1 97.4725
9 -13 94.8037
9 1 97.4442
5 -11 94.4084
-1 -11 93.4058
11 -11 94.7896
-3 -11 50.3812
9 -11 94.7896
3 -7 94.8461
3 -1 97.3736
3 -13 93.547
3 1 97.769
3 -11 93.7729
5 -5 95.4674
-1 -5 94.4648
11 -5 96.7241
-3 -5 93.7588
9 -5 96.3993
3 -5 95.0297
15 -7 96.597
15 -1 97.1901
15 -13 94.6908
15 1 97.1618
15 -11 95.0579
15 -5 97.2465
5 -15 93.547
-1 -15 50.2542
11 -15 94.8037
-3 -15 50.2542
9 -15 94.4084
3 -15 93.4199
15 -15 94.7472
-5 -7 93.4199
-5 -1 94.5213
-5 -13 50.2542
-5 1 95.2415
-5 -11 50.2542
-5 -5 93.5611
-5 -15 50.2542
5 3 97.8255
-1 3 97.7408
11 3 97.7549
-3 3 96.4417
9 3 97.7549
3 3 97.8396
15 3 97.7549
-5 3 92.4456
7 -7 95.0297
7 -1 97.6419
7 -13 94.4084
7 1 97.6419
7 -11 94.8037
7 -5 95.8769
7 -15 93.7729
7 3 97.7972
5 -9 94.832
-1 -9 93.5611
11 -9 95.0579
-3 -9 93.3917
9 -9 94.8178
3 -9 94.4084
15 -9 95.8063
-5 -9 50.353
7 -9 94.8037
1 -7 94.4225
1 -1 96.8088
1 -13 93.4199
1 1 97.6843
1 -11 93.547
1 -5 94.8037
1 -15 50.3812
1 3 97.8961
1 -9 93.7729
5 -3 96.5546
-1 -3 95.0014
11 -3 97.5148
-3 -3 94.4931
9 -3 97.303
3 -3 95.8486
15 -3 97.3877
-5 -3 93.8718
7 -3 97.0206
1 -3 95.425
13 -7 96.3287
13 -1 97.2607
13 -13 94.7331
13 1 97.1618
13 -11 94.8037
13 -5 97.063
13 -15 94.7614
13 3 97.7549
13 -9 95.4109
13 -3 97.5713
